<?xml version="1.0" encoding="UTF-8"?>
<!-- Generated by org.testng.reporters.JUnitReportReporter -->
<testsuite hostname="ChristoPC" failures="0" tests="7" name="com.orangeHRM.qa.test.LoginPageTest" time="62.579" errors="0" timestamp="2021-08-30T22:07:14 IST" skipped="0">
  <testcase classname="com.orangeHRM.qa.test.LoginPageTest" name="forgetPasswordTest" time="7.819"/>
  <system-out/>
  <testcase classname="com.orangeHRM.qa.test.LoginPageTest" name="invalidLoginTest" time="8.088"/>
  <system-out/>
  <testcase classname="com.orangeHRM.qa.test.LoginPageTest" name="invalidUsernameTest" time="8.488"/>
  <system-out/>
  <testcase classname="com.orangeHRM.qa.test.LoginPageTest" name="loginPageTitleTest" time="12.996"/>
  <system-out/>
  <testcase classname="com.orangeHRM.qa.test.LoginPageTest" name="invalidUsernameTest" time="7.072"/>
  <system-out/>
  <testcase classname="com.orangeHRM.qa.test.LoginPageTest" name="loginTest" time="11.711"/>
  <system-out/>
  <testcase classname="com.orangeHRM.qa.test.LoginPageTest" name="invalidLoginTest" time="6.405"/>
  <system-out/>
</testsuite> <!-- com.orangeHRM.qa.test.LoginPageTest -->
