<?xml version="1.0" encoding="UTF-8"?>
<!-- Generated by org.testng.reporters.JUnitReportReporter -->
<testsuite skipped="0" hostname="ChristoPC" name="com.orangeHRM.qa.test.LoginPageTest" tests="7" failures="0" timestamp="2021-08-30T22:53:31 IST" time="57.270" errors="0">
  <testcase name="invalidUsernameTest" time="7.046" classname="com.orangeHRM.qa.test.LoginPageTest"/>
  <system-out/>
  <testcase name="loginPageTitleTest" time="7.442" classname="com.orangeHRM.qa.test.LoginPageTest"/>
  <system-out/>
  <testcase name="forgetPasswordTest" time="7.270" classname="com.orangeHRM.qa.test.LoginPageTest"/>
  <system-out/>
  <testcase name="invalidLoginTest" time="6.905" classname="com.orangeHRM.qa.test.LoginPageTest"/>
  <system-out/>
  <testcase name="loginTest" time="15.806" classname="com.orangeHRM.qa.test.LoginPageTest"/>
  <system-out/>
  <testcase name="invalidUsernameTest" time="6.482" classname="com.orangeHRM.qa.test.LoginPageTest"/>
  <system-out/>
  <testcase name="invalidLoginTest" time="6.319" classname="com.orangeHRM.qa.test.LoginPageTest"/>
  <system-out/>
</testsuite> <!-- com.orangeHRM.qa.test.LoginPageTest -->
